app/build/intermediates/manifest_merge_blame_file/debug/manifest-merger-blame-debug-report.txt
1<?xml version="1.0" encoding="utf-8"?>
2<manifest xmlns:android="http://schemas.android.com/apk/res/android"
3    package="com.example.wizlan"
4    android:versionCode="1"
5    android:versionName="1.0" >
6
7    <uses-sdk
7-->src\main\AndroidManifest.xml:5:5-73
8        android:minSdkVersion="17"
8-->src\main\AndroidManifest.xml:5:5-73
9        android:targetSdkVersion="30" />
9-->src\main\AndroidManifest.xml:5:5-73
10
11    <uses-permission android:name="android.permission.CAMERA" /> <!-- Don't require camera, as this requires a rear camera. This allows it to work on the Nexus 7 -->
11-->[com.journeyapps:zxing-android-embedded:3.6.0] AndroidManifest.xml:22:5-65
11-->[com.journeyapps:zxing-android-embedded:3.6.0] AndroidManifest.xml:22:22-62
12    <uses-feature
12-->[com.journeyapps:zxing-android-embedded:3.6.0] AndroidManifest.xml:25:5-27:36
13        android:name="android.hardware.camera"
13-->[com.journeyapps:zxing-android-embedded:3.6.0] AndroidManifest.xml:26:9-47
14        android:required="false" />
14-->[com.journeyapps:zxing-android-embedded:3.6.0] AndroidManifest.xml:27:9-33
15    <uses-feature
15-->[com.journeyapps:zxing-android-embedded:3.6.0] AndroidManifest.xml:28:5-30:36
16        android:name="android.hardware.camera.front"
16-->[com.journeyapps:zxing-android-embedded:3.6.0] AndroidManifest.xml:29:9-53
17        android:required="false" /> <!-- TODO replace above two with next line after Android 4.2 -->
17-->[com.journeyapps:zxing-android-embedded:3.6.0] AndroidManifest.xml:30:9-33
18    <!-- <uses-feature android:name="android.hardware.camera.any"/> -->
19    <uses-feature
19-->[com.journeyapps:zxing-android-embedded:3.6.0] AndroidManifest.xml:33:5-35:36
20        android:name="android.hardware.camera.autofocus"
20-->[com.journeyapps:zxing-android-embedded:3.6.0] AndroidManifest.xml:34:9-57
21        android:required="false" />
21-->[com.journeyapps:zxing-android-embedded:3.6.0] AndroidManifest.xml:35:9-33
22    <uses-feature
22-->[com.journeyapps:zxing-android-embedded:3.6.0] AndroidManifest.xml:36:5-38:36
23        android:name="android.hardware.camera.flash"
23-->[com.journeyapps:zxing-android-embedded:3.6.0] AndroidManifest.xml:37:9-53
24        android:required="false" />
24-->[com.journeyapps:zxing-android-embedded:3.6.0] AndroidManifest.xml:38:9-33
25    <uses-feature
25-->[com.journeyapps:zxing-android-embedded:3.6.0] AndroidManifest.xml:39:5-41:36
26        android:name="android.hardware.screen.landscape"
26-->[com.journeyapps:zxing-android-embedded:3.6.0] AndroidManifest.xml:40:9-57
27        android:required="false" />
27-->[com.journeyapps:zxing-android-embedded:3.6.0] AndroidManifest.xml:41:9-33
28    <uses-feature
28-->[com.journeyapps:zxing-android-embedded:3.6.0] AndroidManifest.xml:42:5-44:36
29        android:name="android.hardware.wifi"
29-->[com.journeyapps:zxing-android-embedded:3.6.0] AndroidManifest.xml:43:9-45
30        android:required="false" />
30-->[com.journeyapps:zxing-android-embedded:3.6.0] AndroidManifest.xml:44:9-33
31
32    <application
32-->src\main\AndroidManifest.xml:7:5-34:19
33        android:allowBackup="true"
33-->src\main\AndroidManifest.xml:8:9-35
34        android:appComponentFactory="androidx.core.app.CoreComponentFactory"
34-->[androidx.core:core:1.3.1] AndroidManifest.xml:24:18-86
35        android:debuggable="true"
36        android:hardwareAccelerated="true"
36-->src\main\AndroidManifest.xml:9:9-43
37        android:icon="@mipmap/ic_launcher"
37-->src\main\AndroidManifest.xml:10:9-43
38        android:label="@string/app_name"
38-->src\main\AndroidManifest.xml:11:9-41
39        android:roundIcon="@mipmap/ic_launcher_round"
39-->src\main\AndroidManifest.xml:12:9-54
40        android:supportsRtl="true"
40-->src\main\AndroidManifest.xml:13:9-35
41        android:theme="@style/AppTheme" >
41-->src\main\AndroidManifest.xml:14:9-40
42        <activity
42-->src\main\AndroidManifest.xml:15:9-18:49
43            android:name="com.journeyapps.barcodescanner.CaptureActivity"
43-->src\main\AndroidManifest.xml:16:13-74
44            android:clearTaskOnLaunch="true"
44-->[com.journeyapps:zxing-android-embedded:3.6.0] AndroidManifest.xml:49:13-45
45            android:screenOrientation="fullSensor"
45-->src\main\AndroidManifest.xml:17:13-51
46            android:stateNotNeeded="true"
46-->[com.journeyapps:zxing-android-embedded:3.6.0] AndroidManifest.xml:51:13-42
47            android:theme="@style/zxing_CaptureTheme"
47-->[com.journeyapps:zxing-android-embedded:3.6.0] AndroidManifest.xml:52:13-54
48            android:windowSoftInputMode="stateAlwaysHidden" />
48-->[com.journeyapps:zxing-android-embedded:3.6.0] AndroidManifest.xml:53:13-60
49        <activity android:name="com.example.wizlan.Translator" />
49-->src\main\AndroidManifest.xml:19:9-57
49-->src\main\AndroidManifest.xml:19:19-45
50        <activity android:name="com.example.wizlan.pdfScanner" />
50-->src\main\AndroidManifest.xml:20:9-48
50-->src\main\AndroidManifest.xml:20:19-45
51        <activity android:name="com.example.wizlan.qrGenerator" />
51-->src\main\AndroidManifest.xml:21:9-49
51-->src\main\AndroidManifest.xml:21:19-46
52        <activity android:name="com.example.wizlan.qrScanner" />
52-->src\main\AndroidManifest.xml:22:9-47
52-->src\main\AndroidManifest.xml:22:19-44
53        <activity android:name="com.example.wizlan.MainActivity" >
53-->src\main\AndroidManifest.xml:23:9-29:20
53-->src\main\AndroidManifest.xml:23:19-47
54            <intent-filter>
54-->src\main\AndroidManifest.xml:24:13-28:29
55                <action android:name="android.intent.action.MAIN" />
55-->src\main\AndroidManifest.xml:25:17-69
55-->src\main\AndroidManifest.xml:25:25-66
56
57                <category android:name="android.intent.category.LAUNCHER" />
57-->src\main\AndroidManifest.xml:27:17-77
57-->src\main\AndroidManifest.xml:27:27-74
58            </intent-filter>
59        </activity>
60
61        <meta-data
61-->src\main\AndroidManifest.xml:31:9-33:57
62            android:name="preloaded_fonts"
62-->src\main\AndroidManifest.xml:32:13-43
63            android:resource="@array/preloaded_fonts" />
63-->src\main\AndroidManifest.xml:33:13-54
64    </application>
65
66</manifest>